<?xml version="1.0" encoding="UTF-8" standalone="yes"?><!DOCTYPE report PUBLIC "-//JACOCO//DTD Report 1.1//EN" "report.dtd"><report name="task6_2D"><sessioninfo id="DESKTOP-C9LPNCO-d8aaddee" start="1778875945656" dump="1778875946324"/><package name="sit333_week6"><class name="sit333_week6/GradeService" sourcefilename="GradeService.java"><method name="&lt;init&gt;" desc="()V" line="3"><counter type="INSTRUCTION" missed="3" covered="0"/><counter type="LINE" missed="1" covered="0"/><counter type="COMPLEXITY" missed="1" covered="0"/><counter type="METHOD" missed="1" covered="0"/></method><method name="calculateGrade" desc="(II)Ljava/lang/String;" line="5"><counter type="INSTRUCTION" missed="0" covered="66"/><counter type="BRANCH" missed="1" covered="25"/><counter type="LINE" missed="0" covered="12"/><counter type="COMPLEXITY" missed="1" covered="13"/><counter type="METHOD" missed="0" covered="1"/></method><counter type="INSTRUCTION" missed="3" covered="66"/><counter type="BRANCH" missed="1" covered="25"/><counter type="LINE" missed="1" covered="12"/><counter type="COMPLEXITY" missed="2" covered="13"/><counter type="METHOD" missed="1" covered="1"/><counter type="CLASS" missed="0" covered="1"/></class><sourcefile name="GradeService.java"><line nr="3" mi="3" ci="0" mb="0" cb="0"/><line nr="5" mi="0" ci="12" mb="0" cb="8"/><line nr="6" mi="0" ci="5" mb="0" cb="2"/><line nr="10" mi="0" ci="6" mb="0" cb="2"/><line nr="11" mi="0" ci="6" mb="0" cb="2"/><line nr="12" mi="0" ci="6" mb="0" cb="2"/><line nr="13" mi="0" ci="2" mb="0" cb="0"/><line nr="15" mi="0" ci="3" mb="0" cb="2"/><line nr="16" mi="0" ci="6" mb="0" cb="2"/><line nr="17" mi="0" ci="6" mb="0" cb="2"/><line nr="18" mi="0" ci="6" mb="0" cb="2"/><line nr="19" mi="0" ci="6" mb="1" cb="1"/><line nr="22" mi="0" ci="2" mb="0" cb="0"/><counter type="INSTRUCTION" missed="3" covered="66"/><counter type="BRANCH" missed="1" covered="25"/><counter type="LINE" missed="1" covered="12"/><counter type="COMPLEXITY" missed="2" covered="13"/><counter type="METHOD" missed="1" covered="1"/><counter type="CLASS" missed="0" covered="1"/></sourcefile><counter type="INSTRUCTION" missed="3" covered="66"/><counter type="BRANCH" missed="1" covered="25"/><counter type="LINE" missed="1" covered="12"/><counter type="COMPLEXITY" missed="2" covered="13"/><counter type="METHOD" missed="1" covered="1"/><counter type="CLASS" missed="0" covered="1"/></package><counter type="INSTRUCTION" missed="3" covered="66"/><counter type="BRANCH" missed="1" covered="25"/><counter type="LINE" missed="1" covered="12"/><counter type="COMPLEXITY" missed="2" covered="13"/><counter type="METHOD" missed="1" covered="1"/><counter type="CLASS" missed="0" covered="1"/></report>