<?xml version="1.0" encoding="UTF-8"?>
<testsuite xmlns:xsi="http://www.w3.org/2001/XMLSchema-instance" xsi:noNamespaceSchemaLocation="https://maven.apache.org/surefire/maven-surefire-plugin/xsd/surefire-test-report.xsd" version="3.0.2" name="web.service.MathQuestionServiceSeleniumTest" time="10.407" tests="7" errors="0" skipped="0" failures="2" flakes="0">
  <properties>
[...]
</properties>
  <testcase name="testQ1EmptyNumber2StayQ1" classname="web.service.MathQuestionServiceSeleniumTest" time="1.406">
    <system-out><![CDATA[testQ1EmptyNumber2StayQ1 message: Q1 incorrect. Try again.
]]></system-out>
  </testcase>
  <testcase name="testQ1CorrectAnswerQ2" classname="web.service.MathQuestionServiceSeleniumTest" time="1.346">
    <system-out><![CDATA[testQ1CorrectAnswerQ2 message: Q1 correct. Proceed to Q2.
]]></system-out>
  </testcase>
  <testcase name="testQ1NonNumericAnswerStayQ1" classname="web.service.MathQuestionServiceSeleniumTest" time="1.373">
    <failure message="expected: &lt;Q1 incorrect. Try again.&gt; but was: &lt;Wed Apr 29 09:04:53 AEST 2026&gt;" type="org.opentest4j.AssertionFailedError"><![CDATA[org.opentest4j.AssertionFailedError: expected: <Q1 incorrect. Try again.> but was: <Wed Apr 29 09:04:53 AEST 2026>
	at org.junit.jupiter.api.AssertionFailureBuilder.build(AssertionFailureBuilder.java:158)
	at org.junit.jupiter.api.AssertionFailureBuilder.buildAndThrow(AssertionFailureBuilder.java:139)
	at org.junit.jupiter.api.AssertEquals.failNotEqual(AssertEquals.java:201)
	at org.junit.jupiter.api.AssertEquals.assertEquals(AssertEquals.java:184)
	at org.junit.jupiter.api.AssertEquals.assertEquals(AssertEquals.java:179)
	at org.junit.jupiter.api.Assertions.assertEquals(Assertions.java:1188)
	at web.service.MathQuestionServiceSeleniumTest.testQ1NonNumericAnswerStayQ1(MathQuestionServiceSeleniumTest.java:144)
]]></failure>
    <system-out><![CDATA[testQ1NonNumericAnswerStayQ1 message: Wed Apr 29 09:04:53 AEST 2026
]]></system-out>
  </testcase>
  <testcase name="testQ1EmptyAnswerStayQ1" classname="web.service.MathQuestionServiceSeleniumTest" time="1.326">
    <failure message="expected: &lt;Q1 incorrect. Try again.&gt; but was: &lt;Wed Apr 29 09:04:55 AEST 2026&gt;" type="org.opentest4j.AssertionFailedError"><![CDATA[org.opentest4j.AssertionFailedError: expected: <Q1 incorrect. Try again.> but was: <Wed Apr 29 09:04:55 AEST 2026>
	at org.junit.jupiter.api.AssertionFailureBuilder.build(AssertionFailureBuilder.java:158)
	at org.junit.jupiter.api.AssertionFailureBuilder.buildAndThrow(AssertionFailureBuilder.java:139)
	at org.junit.jupiter.api.AssertEquals.failNotEqual(AssertEquals.java:201)
	at org.junit.jupiter.api.AssertEquals.assertEquals(AssertEquals.java:184)
	at org.junit.jupiter.api.AssertEquals.assertEquals(AssertEquals.java:179)
	at org.junit.jupiter.api.Assertions.assertEquals(Assertions.java:1188)
	at web.service.MathQuestionServiceSeleniumTest.testQ1EmptyAnswerStayQ1(MathQuestionServiceSeleniumTest.java:108)
]]></failure>
    <system-out><![CDATA[testQ1EmptyAnswerStayQ1 message: Wed Apr 29 09:04:55 AEST 2026
]]></system-out>
  </testcase>
  <testcase name="testQ1NonNumericNumber1StayQ1" classname="web.service.MathQuestionServiceSeleniumTest" time="1.351">
    <system-out><![CDATA[testQ1NonNumericNumber1StayQ1 message: Q1 incorrect. Try again.
]]></system-out>
  </testcase>
  <testcase name="testQ1NonNumericNumber2StayQ1" classname="web.service.MathQuestionServiceSeleniumTest" time="1.349">
    <system-out><![CDATA[testQ1NonNumericNumber2StayQ1 message: Q1 incorrect. Try again.
]]></system-out>
  </testcase>
  <testcase name="testQ1EmptyNumber1StayQ1" classname="web.service.MathQuestionServiceSeleniumTest" time="1.315">
    <system-out><![CDATA[testQ1EmptyNumber1StayQ1 message: Q1 incorrect. Try again.
]]></system-out>
  </testcase>
</testsuite>