-------------------------------------------------------------------------------
Test set: web.service.MathQuestionServiceSeleniumTest
-------------------------------------------------------------------------------
Tests run: 7, Failures: 2, Errors: 0, Skipped: 0, Time elapsed: 10.41 s <<< FAILURE! -- in web.service.MathQuestionServiceSeleniumTest
web.service.MathQuestionServiceSeleniumTest.testQ1NonNumericAnswerStayQ1 -- Time elapsed: 1.373 s <<< FAILURE!
org.opentest4j.AssertionFailedError: expected: <Q1 incorrect. Try again.> but was: <Wed Apr 29 09:04:53 AEST 2026>
	at org.junit.jupiter.api.AssertionFailureBuilder.build(AssertionFailureBuilder.java:158)
	at org.junit.jupiter.api.AssertionFailureBuilder.buildAndThrow(AssertionFailureBuilder.java:139)
	at org.junit.jupiter.api.AssertEquals.failNotEqual(AssertEquals.java:201)
	at org.junit.jupiter.api.AssertEquals.assertEquals(AssertEquals.java:184)
	at org.junit.jupiter.api.AssertEquals.assertEquals(AssertEquals.java:179)
	at org.junit.jupiter.api.Assertions.assertEquals(Assertions.java:1188)
	at web.service.MathQuestionServiceSeleniumTest.testQ1NonNumericAnswerStayQ1(MathQuestionServiceSeleniumTest.java:144)

web.service.MathQuestionServiceSeleniumTest.testQ1EmptyAnswerStayQ1 -- Time elapsed: 1.326 s <<< FAILURE!
org.opentest4j.AssertionFailedError: expected: <Q1 incorrect. Try again.> but was: <Wed Apr 29 09:04:55 AEST 2026>
	at org.junit.jupiter.api.AssertionFailureBuilder.build(AssertionFailureBuilder.java:158)
	at org.junit.jupiter.api.AssertionFailureBuilder.buildAndThrow(AssertionFailureBuilder.java:139)
	at org.junit.jupiter.api.AssertEquals.failNotEqual(AssertEquals.java:201)
	at org.junit.jupiter.api.AssertEquals.assertEquals(AssertEquals.java:184)
	at org.junit.jupiter.api.AssertEquals.assertEquals(AssertEquals.java:179)
	at org.junit.jupiter.api.Assertions.assertEquals(Assertions.java:1188)
	at web.service.MathQuestionServiceSeleniumTest.testQ1EmptyAnswerStayQ1(MathQuestionServiceSeleniumTest.java:108)

