<?xml version="1.0" encoding="UTF-8"?>
<testsuite xmlns:xsi="http://www.w3.org/2001/XMLSchema-instance" xsi:noNamespaceSchemaLocation="https://maven.apache.org/surefire/maven-surefire-plugin/xsd/surefire-test-report.xsd" version="3.0.2" name="sit333_week3.DateUtilTest" time="0.112" tests="42" errors="0" skipped="0" failures="2" flakes="0">
  <properties>
[...]
</properties>
  <testcase name="testApril29IncrementToApril30_NonLeapYear" classname="sit333_week3.DateUtilTest" time="0.033">
    <system-out><![CDATA[april20ShouldIncrementToApril30 > 29 April 2023
30 April 2023
]]></system-out>
  </testcase>
  <testcase name="testMay30IncrementToMay31_LeapYear" classname="sit333_week3.DateUtilTest" time="0.001">
    <system-out><![CDATA[may30ShouldIncrementToMay31 > 30 May 2024
31 May 2024
]]></system-out>
  </testcase>
  <testcase name="testApril20DecrementToApril19_LeapYear" classname="sit333_week3.DateUtilTest" time="0.001">
    <system-out><![CDATA[april20ShouldDecrementToApril19 > 20 April 2024
19 April 2024
]]></system-out>
  </testcase>
  <testcase name="testFebruary20IncrementToFebruary21_NonLeapYear" classname="sit333_week3.DateUtilTest" time="0.001">
    <system-out><![CDATA[february20ShouldIncrementToFebruary21 > 20 February 2023
21 February 2023
]]></system-out>
  </testcase>
  <testcase name="testMay31DecrementToMay30_NonLeapYear" classname="sit333_week3.DateUtilTest" time="0.002">
    <system-out><![CDATA[may31ShouldDecrementToMay30 > 31 May 2023
30 May 2023
]]></system-out>
  </testcase>
  <testcase name="testMay29IncrementToMay30_NonLeapYear" classname="sit333_week3.DateUtilTest" time="0.001">
    <system-out><![CDATA[may29ShouldIncrementToMay30 > 29 May 2023
30 May 2023
]]></system-out>
  </testcase>
  <testcase name="testFebruary20IncrementToFebruary21_LeapYear" classname="sit333_week3.DateUtilTest" time="0.001">
    <system-out><![CDATA[february20ShouldIncrementToFebruary21 > 20 February 2024
21 February 2024
]]></system-out>
  </testcase>
  <testcase name="testStudentIdentity" classname="sit333_week3.DateUtilTest" time="0.001"/>
  <testcase name="testApril29DecrementToApril28_NonLeapYear" classname="sit333_week3.DateUtilTest" time="0.001">
    <system-out><![CDATA[april29ShouldDecrementToApril28 > 20 April 2023
19 April 2023
]]></system-out>
  </testcase>
  <testcase name="testApril29DecrementToApril28_LeapYear" classname="sit333_week3.DateUtilTest" time="0.001">
    <system-out><![CDATA[april29ShouldDecrementToApril28 > 29 April 2024
28 April 2024
]]></system-out>
  </testcase>
  <testcase name="testApril20IncrementToApril21_LeapYear" classname="sit333_week3.DateUtilTest" time="0.002">
    <system-out><![CDATA[april20ShouldIncrementToApril21 > 20 April 2024
21 April 2024
]]></system-out>
  </testcase>
  <testcase name="testFebruary31_Invalid_LeapYear" classname="sit333_week3.DateUtilTest" time="0.004">
    <system-out><![CDATA[february31ShouldBeInvalid
]]></system-out>
  </testcase>
  <testcase name="testMay20IncrementToMay19_NonLeapYear" classname="sit333_week3.DateUtilTest" time="0.0">
    <system-out><![CDATA[may20ShouldDecrementToMay19 > 20 May 2023
19 May 2023
]]></system-out>
  </testcase>
  <testcase name="testMay20IncrementToMay21_LeapYear" classname="sit333_week3.DateUtilTest" time="0.001">
    <system-out><![CDATA[may20ShouldIncrementToMay21 > 20 May 2024
21 May 2024
]]></system-out>
  </testcase>
  <testcase name="testApril29IncrementToApril30_LeapYear" classname="sit333_week3.DateUtilTest" time="0.001">
    <system-out><![CDATA[april29ShouldIncrementToApril30 > 29 April 2024
30 April 2024
]]></system-out>
  </testcase>
  <testcase name="testMay20IncrementToMay19_LeapYear" classname="sit333_week3.DateUtilTest" time="0.001">
    <system-out><![CDATA[may20ShouldDecrementToMay19 > 20 May 2024
19 May 2024
]]></system-out>
  </testcase>
  <testcase name="testApril31_Invalid_LeapYear" classname="sit333_week3.DateUtilTest" time="0.001">
    <system-out><![CDATA[april31ShouldBeInvalid
]]></system-out>
  </testcase>
  <testcase name="testApril20IncrementToApril21_NonLeapYear" classname="sit333_week3.DateUtilTest" time="0.001">
    <system-out><![CDATA[april20ShouldIncrementToApril21 > 20 April 2023
21 April 2023
]]></system-out>
  </testcase>
  <testcase name="testFebruary20DecrementToFebruary19_NonLeapYear" classname="sit333_week3.DateUtilTest" time="0.001">
    <system-out><![CDATA[february20ShouldDecrementToFebruary19 > 20 February 2023
19 February 2023
]]></system-out>
  </testcase>
  <testcase name="testApril30IncrementToMay1_NonLeapYear" classname="sit333_week3.DateUtilTest" time="0.002">
    <system-out><![CDATA[april30ShouldIncrementToMay1 > 30 April 2023
1 May 2023
]]></system-out>
  </testcase>
  <testcase name="testMay30DecrementToMay29_NonLeapYear" classname="sit333_week3.DateUtilTest" time="0.001">
    <system-out><![CDATA[may30ShouldDecrementToMay29 > 30 May 2023
29 May 2023
]]></system-out>
  </testcase>
  <testcase name="testApril20DecrementToApril19_NonLeapYear" classname="sit333_week3.DateUtilTest" time="0.0">
    <system-out><![CDATA[april20ShouldDecrementToApril19 > 20 April 2023
19 April 2023
]]></system-out>
  </testcase>
  <testcase name="testFebruary30_Invalid_LeapYear" classname="sit333_week3.DateUtilTest" time="0.0">
    <system-out><![CDATA[february30ShouldBeInvalid
]]></system-out>
  </testcase>
  <testcase name="testMay29DecrementToMay28_LeapYear" classname="sit333_week3.DateUtilTest" time="0.001">
    <system-out><![CDATA[may29ShouldDecrementToMay28 > 29 May 2024
28 May 2024
]]></system-out>
  </testcase>
  <testcase name="testMay30IncrementToMay31_NonLeapYear" classname="sit333_week3.DateUtilTest" time="0.001">
    <system-out><![CDATA[may30ShouldIncrementToMay31 > 30 May 2023
31 May 2023
]]></system-out>
  </testcase>
  <testcase name="testFebruary29_Invalid_LeapYear" classname="sit333_week3.DateUtilTest" time="0.006">
    <failure message="Expected java.lang.RuntimeException to be thrown, but nothing was thrown." type="org.opentest4j.AssertionFailedError"><![CDATA[org.opentest4j.AssertionFailedError: Expected java.lang.RuntimeException to be thrown, but nothing was thrown.
	at org.junit.jupiter.api.AssertionFailureBuilder.build(AssertionFailureBuilder.java:152)
	at org.junit.jupiter.api.AssertThrows.assertThrows(AssertThrows.java:73)
	at org.junit.jupiter.api.AssertThrows.assertThrows(AssertThrows.java:35)
	at org.junit.jupiter.api.Assertions.assertThrows(Assertions.java:3128)
	at sit333_week3.DateUtilTest.testFebruary29_Invalid_LeapYear(DateUtilTest.java:421)
	at java.base/java.lang.reflect.Method.invoke(Method.java:580)
	at java.base/java.util.ArrayList.forEach(ArrayList.java:1596)
	at java.base/java.util.ArrayList.forEach(ArrayList.java:1596)
]]></failure>
    <system-out><![CDATA[february29ShouldBeInvalid
]]></system-out>
  </testcase>
  <testcase name="testMay31IncrementToJune1_NonLeapYear" classname="sit333_week3.DateUtilTest" time="0.001">
    <system-out><![CDATA[may31ShouldIncrementToJune1 > 31 May 2023
1 June 2023
]]></system-out>
  </testcase>
  <testcase name="testMay30DecrementToMay29_LeapYear" classname="sit333_week3.DateUtilTest" time="0.001">
    <system-out><![CDATA[may30ShouldDecrementToMay29 > 30 May 2024
29 May 2024
]]></system-out>
  </testcase>
  <testcase name="testMay31DecrementToMay30_LeapYear" classname="sit333_week3.DateUtilTest" time="0.001">
    <system-out><![CDATA[may31ShouldDecrementToMay30 > 31 May 2024
30 May 2024
]]></system-out>
  </testcase>
  <testcase name="testMay20IncrementToMay21_NonLeapYear" classname="sit333_week3.DateUtilTest" time="0.001">
    <system-out><![CDATA[may20ShouldIncrementToMay21 > 20 May 2023
21 May 2023
]]></system-out>
  </testcase>
  <testcase name="testFebruary20DecrementToFebruary19_LeapYear" classname="sit333_week3.DateUtilTest" time="0.0">
    <system-out><![CDATA[february20ShouldDecrementToFebruary19 > 20 February 2024
19 February 2024
]]></system-out>
  </testcase>
  <testcase name="testFebruary29_Invalid_NonLeapYear" classname="sit333_week3.DateUtilTest" time="0.0">
    <system-out><![CDATA[february29ShouldBeInvalid
]]></system-out>
  </testcase>
  <testcase name="testApril31_Invalid_NonLeapYear" classname="sit333_week3.DateUtilTest" time="0.0">
    <system-out><![CDATA[april31ShouldBeInvalid
]]></system-out>
  </testcase>
  <testcase name="testFebruary30_Invalid_NonLeapYear" classname="sit333_week3.DateUtilTest" time="0.0">
    <system-out><![CDATA[february30ShouldBeInvalid
]]></system-out>
  </testcase>
  <testcase name="testMay31IncrementToJune1_LeapYear" classname="sit333_week3.DateUtilTest" time="0.0">
    <system-out><![CDATA[may31ShouldIncrementToJune1 > 31 May 2024
1 June 2024
]]></system-out>
  </testcase>
  <testcase name="testApril30DecrementToApril29_LeapYear" classname="sit333_week3.DateUtilTest" time="0.0">
    <system-out><![CDATA[april30ShouldDecrementToApril29 > 30 April 2024
29 April 2024
]]></system-out>
  </testcase>
  <testcase name="testFebruary31_Invalid_NonLeapYear" classname="sit333_week3.DateUtilTest" time="0.001">
    <system-out><![CDATA[february31ShouldBeInvalid
]]></system-out>
  </testcase>
  <testcase name="testApril30DecrementToApril29_NonLeapYear" classname="sit333_week3.DateUtilTest" time="0.002">
    <failure message="expected: &lt;19&gt; but was: &lt;29&gt;" type="org.opentest4j.AssertionFailedError"><![CDATA[org.opentest4j.AssertionFailedError: expected: <19> but was: <29>
	at org.junit.jupiter.api.AssertionFailureBuilder.build(AssertionFailureBuilder.java:151)
	at org.junit.jupiter.api.AssertionFailureBuilder.buildAndThrow(AssertionFailureBuilder.java:132)
	at org.junit.jupiter.api.AssertEquals.failNotEqual(AssertEquals.java:197)
	at org.junit.jupiter.api.AssertEquals.assertEquals(AssertEquals.java:150)
	at org.junit.jupiter.api.AssertEquals.assertEquals(AssertEquals.java:145)
	at org.junit.jupiter.api.Assertions.assertEquals(Assertions.java:531)
	at sit333_week3.DateUtilTest.testApril30DecrementToApril29_NonLeapYear(DateUtilTest.java:160)
	at java.base/java.lang.reflect.Method.invoke(Method.java:580)
	at java.base/java.util.ArrayList.forEach(ArrayList.java:1596)
	at java.base/java.util.ArrayList.forEach(ArrayList.java:1596)
]]></failure>
    <system-out><![CDATA[april30ShouldDecrementToApril29 > 30 April 2023
29 April 2023
]]></system-out>
  </testcase>
  <testcase name="testMay29DecrementToMay28_NonLeapYear" classname="sit333_week3.DateUtilTest" time="0.0">
    <system-out><![CDATA[may29ShouldDecrementToMay28 > 29 May 2023
28 May 2023
]]></system-out>
  </testcase>
  <testcase name="testStudentName" classname="sit333_week3.DateUtilTest" time="0.0"/>
  <testcase name="testMay29IncrementToMay30_LeapYear" classname="sit333_week3.DateUtilTest" time="0.0">
    <system-out><![CDATA[may29ShouldIncrementToMay30 > 29 May 2024
30 May 2024
]]></system-out>
  </testcase>
  <testcase name="testApril30IncrementToMay1_LeapYear" classname="sit333_week3.DateUtilTest" time="0.0">
    <system-out><![CDATA[april30ShouldIncrementToMay1 > 30 April 2024
1 May 2024
]]></system-out>
  </testcase>
</testsuite>