<?xml version="1.0" encoding="UTF-8"?>
<testsuite xmlns:xsi="http://www.w3.org/2001/XMLSchema-instance" xsi:noNamespaceSchemaLocation="https://maven.apache.org/surefire/maven-surefire-plugin/xsd/surefire-test-report.xsd" version="3.0.2" name="sit333_week3.DateUtilTest" time="0.124" tests="33" errors="2" skipped="0" failures="0" flakes="0">
  <properties>
[...]
</properties>
  <testcase name="testJune15DecrementToJune14_1700" classname="sit333_week3.DateUtilTest" time="0.034">
    <system-out><![CDATA[june15ShouldDecremementToJune14 > 15 June 1700
14 June 1700
]]></system-out>
  </testcase>
  <testcase name="testJune15DecrementToJune14_1701" classname="sit333_week3.DateUtilTest" time="0.001">
    <system-out><![CDATA[june15ShouldDecremementToJune14 > 15 June 1701
14 June 1701
]]></system-out>
  </testcase>
  <testcase name="testJune15DecrementToJune14_2023" classname="sit333_week3.DateUtilTest" time="0.001">
    <system-out><![CDATA[june15ShouldDecremementToJune14 > 15 June 2023
14 June 2023
]]></system-out>
  </testcase>
  <testcase name="testJune15DecrementToJune14_2024" classname="sit333_week3.DateUtilTest" time="0.001">
    <system-out><![CDATA[june15ShouldDecremementToJune14 > 15 June 2024
14 June 2024
]]></system-out>
  </testcase>
  <testcase name="testMinJanuary1ShouldDecrementToDecember31" classname="sit333_week3.DateUtilTest" time="0.001">
    <system-out><![CDATA[january1ShouldDecrementToDecember31 > 1 January 2024
31 December 2023
]]></system-out>
  </testcase>
  <testcase name="testStudentIdentity" classname="sit333_week3.DateUtilTest" time="0.001"/>
  <testcase name="testJune15IncrementToJune16_1700" classname="sit333_week3.DateUtilTest" time="0.001">
    <system-out><![CDATA[june15ShouldIncremeentToJune16 > 15 June 1700
16 June 1700
]]></system-out>
  </testcase>
  <testcase name="testJune15IncrementToJune16_1701" classname="sit333_week3.DateUtilTest" time="0.001">
    <system-out><![CDATA[june15ShouldIncremeentToJune16 > 15 June 1701
16 June 1701
]]></system-out>
  </testcase>
  <testcase name="testJune15IncrementToJune16_2023" classname="sit333_week3.DateUtilTest" time="0.001">
    <system-out><![CDATA[june15ShouldIncremeentToJune16 > 15 June 2023
16 June 2023
]]></system-out>
  </testcase>
  <testcase name="testJune15IncrementToJune16_2024" classname="sit333_week3.DateUtilTest" time="0.001">
    <system-out><![CDATA[june15ShouldIncremeentToJune16 > 15 June 2024
16 June 2024
]]></system-out>
  </testcase>
  <testcase name="testJune30IncrementToJuly1" classname="sit333_week3.DateUtilTest" time="0.001">
    <system-out><![CDATA[june30ShouldIncremeentToJuly1 > 30 June 1994
1 July 1994
]]></system-out>
  </testcase>
  <testcase name="testJune15DecrementToJune14" classname="sit333_week3.DateUtilTest" time="0.001">
    <system-out><![CDATA[june15ShouldDecremementToJune14 > 15 June 1994
14 June 1994
]]></system-out>
  </testcase>
  <testcase name="testMinJanuary1ShouldIncrementToJanuary2" classname="sit333_week3.DateUtilTest" time="0.001">
    <system-out><![CDATA[january1ShouldIncremeentToJanuary2 > 1 January 2024
2 January 2024
]]></system-out>
  </testcase>
  <testcase name="testFebruary15DecrementToFebruary14" classname="sit333_week3.DateUtilTest" time="0.001">
    <system-out><![CDATA[february15ShouldDecremementToFebruary14 > 15 February 1994
14 February 1994
]]></system-out>
  </testcase>
  <testcase name="testNovember15DecrementToNovember14" classname="sit333_week3.DateUtilTest" time="0.001">
    <system-out><![CDATA[november15ShouldDecremementToNovember14 > 15 November 1994
14 November 1994
]]></system-out>
  </testcase>
  <testcase name="testMaxJanuary31ShouldDecrementToJanuary30" classname="sit333_week3.DateUtilTest" time="0.002">
    <system-out><![CDATA[january31ShouldDecrementToJanuary30 > 31 January 2024
30 January 2024
]]></system-out>
  </testcase>
  <testcase name="testDecember15DecrementToDecember14" classname="sit333_week3.DateUtilTest" time="0.001">
    <system-out><![CDATA[december15ShouldDecremementToDecember14 > 15 December 1994
14 December 1994
]]></system-out>
  </testcase>
  <testcase name="testJune31IncrementToJuly1" classname="sit333_week3.DateUtilTest" time="0.007">
    <error message="Invalid day: 31, max day: 30" type="java.lang.RuntimeException"><![CDATA[java.lang.RuntimeException: Invalid day: 31, max day: 30
	at sit333_week3.DateUtil.<init>(DateUtil.java:23)
	at sit333_week3.DateUtilTest.testJune31IncrementToJuly1(DateUtilTest.java:265)
	at java.base/java.lang.reflect.Method.invoke(Method.java:580)
	at java.base/java.util.ArrayList.forEach(ArrayList.java:1596)
	at java.base/java.util.ArrayList.forEach(ArrayList.java:1596)
]]></error>
  </testcase>
  <testcase name="testJune2IncrementToJune3" classname="sit333_week3.DateUtilTest" time="0.001">
    <system-out><![CDATA[june2ShouldIncremeentToJune3 > 2 June 1994
3 June 1994
]]></system-out>
  </testcase>
  <testcase name="testFebruary15IncrementToFebruary16" classname="sit333_week3.DateUtilTest" time="0.002">
    <system-out><![CDATA[february15ShouldIncremeentToFebruary16 > 15 February 1994
16 February 1994
]]></system-out>
  </testcase>
  <testcase name="testJanuary15IncrementToJanuary16" classname="sit333_week3.DateUtilTest" time="0.001">
    <system-out><![CDATA[january15ShouldIncremeentToJanuary16 > 15 January 1994
16 January 1994
]]></system-out>
  </testcase>
  <testcase name="testJune15IncrementToJune16" classname="sit333_week3.DateUtilTest" time="0.001">
    <system-out><![CDATA[june15ShouldIncremeentToJune16 > 15 June 1994
16 June 1994
]]></system-out>
  </testcase>
  <testcase name="testNovember15IncrementToNovember16" classname="sit333_week3.DateUtilTest" time="0.001">
    <system-out><![CDATA[november15ShouldIncremeentToNovember16 > 15 November 1994
16 November 1994
]]></system-out>
  </testcase>
  <testcase name="testJune31DecrementToJune30" classname="sit333_week3.DateUtilTest" time="0.001">
    <error message="Invalid day: 31, max day: 30" type="java.lang.RuntimeException"><![CDATA[java.lang.RuntimeException: Invalid day: 31, max day: 30
	at sit333_week3.DateUtil.<init>(DateUtil.java:23)
	at sit333_week3.DateUtilTest.testJune31DecrementToJune30(DateUtilTest.java:121)
	at java.base/java.lang.reflect.Method.invoke(Method.java:580)
	at java.base/java.util.ArrayList.forEach(ArrayList.java:1596)
	at java.base/java.util.ArrayList.forEach(ArrayList.java:1596)
]]></error>
  </testcase>
  <testcase name="testJuly2DecrementToJuly1" classname="sit333_week3.DateUtilTest" time="0.001">
    <system-out><![CDATA[june2ShouldDecremementToJune1 > 2 June 1994
1 June 1994
]]></system-out>
  </testcase>
  <testcase name="testDecember15IncrementToDecember16" classname="sit333_week3.DateUtilTest" time="0.001">
    <system-out><![CDATA[december15ShouldIncremeentToDecember16 > 15 December 1994
16 December 1994
]]></system-out>
  </testcase>
  <testcase name="testMinJune1ShouldIncrementToJune2" classname="sit333_week3.DateUtilTest" time="0.001">
    <system-out><![CDATA[june1ShouldIncremeentToJune2 > 1 June 1994
2 June 1994
]]></system-out>
  </testcase>
  <testcase name="testJanuary15DecrementToJanuary14" classname="sit333_week3.DateUtilTest" time="0.001">
    <system-out><![CDATA[january15ShouldDecremementToJanuary14 > 15 January 1994
14 January 1994
]]></system-out>
  </testcase>
  <testcase name="testMaxJanuary31ShouldIncrementToFebruary1" classname="sit333_week3.DateUtilTest" time="0.001">
    <system-out><![CDATA[january31ShouldIncrementToFebruary1 > 31 January 2024
1 February 2024
]]></system-out>
  </testcase>
  <testcase name="testJune30DecrementToJune29" classname="sit333_week3.DateUtilTest" time="0.001">
    <system-out><![CDATA[june30ShouldDecremementToJune29 > 30 June 1994
29 June 1994
]]></system-out>
  </testcase>
  <testcase name="testStudentName" classname="sit333_week3.DateUtilTest" time="0.001"/>
  <testcase name="testMinJune1ShouldDecrementToJuly31" classname="sit333_week3.DateUtilTest" time="0.001">
    <system-out><![CDATA[june1ShouldDecremementToMay31 > 1 June 1994
31 May 1994
]]></system-out>
  </testcase>
  <testcase name="testNominalJanuary" classname="sit333_week3.DateUtilTest" time="0.001">
    <system-out><![CDATA[testJanuaryNominal > 8 January 2024
9 January 2024
]]></system-out>
  </testcase>
</testsuite>