<?xml version="1.0" encoding="UTF-8"?>
<testsuite xmlns:xsi="http://www.w3.org/2001/XMLSchema-instance" xsi:noNamespaceSchemaLocation="https://maven.apache.org/surefire/maven-surefire-plugin/xsd/surefire-test-report.xsd" version="3.0.2" name="web.service.RegistrationServiceFunctionalTest" time="34.092" tests="7" errors="1" skipped="0" failures="0" flakes="1">
  <properties>
[...]
</properties>
  <testcase name="testEmptyEmailFailure" classname="web.service.RegistrationServiceFunctionalTest" time="2.365">
    <system-out><![CDATA[Server started!
[RegistrationServlet] POST
first_name/last_name/email/password/DoB: brandon, dimoski, , bdim_pass, 2002-02-03
[RegistrationServlet] GET
[WelcomeServlet] POST
Title: fail
]]></system-out>
    <system-err><![CDATA[SLF4J(W): No SLF4J providers were found.
SLF4J(W): Defaulting to no-operation (NOP) logger implementation
SLF4J(W): See https://www.slf4j.org/codes.html#noProviders for further details.
May 17, 2026 5:23:42 PM org.openqa.selenium.devtools.CdpVersionFinder findNearestMatch
WARNING: Unable to find an exact match for CDP version 148, returning the closest version; found: 145; Please update to a Selenium version that supports CDP version 148
]]></system-err>
  </testcase>
  <testcase name="testEmptyFirstNameFailure" classname="web.service.RegistrationServiceFunctionalTest" time="2.29">
    <system-out><![CDATA[[RegistrationServlet] POST
first_name/last_name/email/password/DoB: , dimoski, bdimoski@deakin.edu.au, bdim_pass, 2002-02-03
[RegistrationServlet] GET
[WelcomeServlet] POST
Title: fail
]]></system-out>
  </testcase>
  <testcase name="testEmptyLastNameFailure" classname="web.service.RegistrationServiceFunctionalTest" time="2.273">
    <system-out><![CDATA[[RegistrationServlet] POST
first_name/last_name/email/password/DoB: brandon, , bdimoski@deakin.edu.au, bdim_pass, 2002-02-03
[RegistrationServlet] GET
[WelcomeServlet] POST
Title: fail
]]></system-out>
  </testcase>
  <testcase name="testEmptyDoBFailure" classname="web.service.RegistrationServiceFunctionalTest" time="2.32">
    <system-out><![CDATA[[RegistrationServlet] POST
first_name/last_name/email/password/DoB: brandon, dimoski, bdimoski@deakin.edu.au, bdim_pass, 
[RegistrationServlet] GET
[WelcomeServlet] POST
Title: fail
]]></system-out>
  </testcase>
  <testcase name="testEmptyPasswordFailure" classname="web.service.RegistrationServiceFunctionalTest" time="2.322">
    <system-out><![CDATA[[RegistrationServlet] POST
first_name/last_name/email/password/DoB: brandon, dimoski, bdimoski@deakin.edu.au, , 2002-02-03
[RegistrationServlet] GET
[WelcomeServlet] POST
Title: fail
]]></system-out>
  </testcase>
  <testcase name="testValidRegistrationSuccessul" classname="web.service.RegistrationServiceFunctionalTest" time="21.271">
    <error message="invalid session id: session deleted as the browser has closed the connection&#10;from disconnected: not connected to DevTools&#10;  (Session info: chrome=148.0.7778.168)&#10;Build info: version: &apos;4.41.0&apos;, revision: &apos;9fc754f&apos;&#10;System info: os.name: &apos;Windows 11&apos;, os.arch: &apos;amd64&apos;, os.version: &apos;10.0&apos;, java.version: &apos;21.0.10&apos;&#10;Driver info: org.openqa.selenium.chrome.ChromeDriver&#10;Command: [93bef4d10131152893fdd67151efb83e, submitElement {id=f.DE0A66D5E23E649349D5B6EEA6CA132E.d.8C83531149FB18B17A7B763251C17DF4.e.15}]&#10;Capabilities {acceptInsecureCerts: false, browserName: chrome, browserVersion: 148.0.7778.168, chrome: {chromedriverVersion: 148.0.7778.167 (65db666ac2c..., userDataDir: C:\msys64\tmp\scoped_dir408...}, fedcm:accounts: true, goog:chromeOptions: {debuggerAddress: localhost:59689}, goog:processID: 9804, networkConnectionEnabled: false, pageLoadStrategy: normal, platformName: windows, proxy: Proxy(), se:cdp: ws://localhost:59689/devtoo..., se:cdpVersion: 148.0.7778.168, setWindowRect: true, strictFileInteractability: false, timeouts: {implicit: 0, pageLoad: 300000, script: 30000}, unhandledPromptBehavior: dismiss and notify, webauthn:extension:credBlob: true, webauthn:extension:largeBlob: true, webauthn:extension:minPinLength: true, webauthn:extension:prf: true, webauthn:virtualAuthenticators: true}&#10;Element: [[ChromeDriver: chrome on windows (93bef4d10131152893fdd67151efb83e)] -&gt; css selector: [type=submit]]&#10;Session ID: 93bef4d10131152893fdd67151efb83e" type="org.openqa.selenium.NoSuchSessionException"><![CDATA[org.openqa.selenium.NoSuchSessionException: 
invalid session id: session deleted as the browser has closed the connection
from disconnected: not connected to DevTools
  (Session info: chrome=148.0.7778.168)
Build info: version: '4.41.0', revision: '9fc754f'
System info: os.name: 'Windows 11', os.arch: 'amd64', os.version: '10.0', java.version: '21.0.10'
Driver info: org.openqa.selenium.chrome.ChromeDriver
Command: [93bef4d10131152893fdd67151efb83e, submitElement {id=f.DE0A66D5E23E649349D5B6EEA6CA132E.d.8C83531149FB18B17A7B763251C17DF4.e.15}]
Capabilities {acceptInsecureCerts: false, browserName: chrome, browserVersion: 148.0.7778.168, chrome: {chromedriverVersion: 148.0.7778.167 (65db666ac2c..., userDataDir: C:\msys64\tmp\scoped_dir408...}, fedcm:accounts: true, goog:chromeOptions: {debuggerAddress: localhost:59689}, goog:processID: 9804, networkConnectionEnabled: false, pageLoadStrategy: normal, platformName: windows, proxy: Proxy(), se:cdp: ws://localhost:59689/devtoo..., se:cdpVersion: 148.0.7778.168, setWindowRect: true, strictFileInteractability: false, timeouts: {implicit: 0, pageLoad: 300000, script: 30000}, unhandledPromptBehavior: dismiss and notify, webauthn:extension:credBlob: true, webauthn:extension:largeBlob: true, webauthn:extension:minPinLength: true, webauthn:extension:prf: true, webauthn:virtualAuthenticators: true}
Element: [[ChromeDriver: chrome on windows (93bef4d10131152893fdd67151efb83e)] -> css selector: [type=submit]]
Session ID: 93bef4d10131152893fdd67151efb83e
	at org.openqa.selenium.remote.ErrorCodec.decode(ErrorCodec.java:169)
	at org.openqa.selenium.remote.codec.w3c.W3CHttpResponseCodec.decode(W3CHttpResponseCodec.java:142)
	at org.openqa.selenium.remote.codec.w3c.W3CHttpResponseCodec.decode(W3CHttpResponseCodec.java:49)
	at org.openqa.selenium.remote.HttpCommandExecutor.execute(HttpCommandExecutor.java:223)
	at org.openqa.selenium.remote.service.DriverCommandExecutor.invokeExecute(DriverCommandExecutor.java:216)
	at org.openqa.selenium.remote.service.DriverCommandExecutor.execute(DriverCommandExecutor.java:174)
	at org.openqa.selenium.remote.RemoteWebDriver.execute(RemoteWebDriver.java:604)
	at org.openqa.selenium.remote.RemoteWebElement.execute(RemoteWebElement.java:223)
	at org.openqa.selenium.remote.RemoteWebElement.submit(RemoteWebElement.java:82)
	at web.service.RegistrationServiceFunctionalTest.testValidRegistrationSuccessul(RegistrationServiceFunctionalTest.java:165)
	at java.base/java.lang.reflect.Method.invoke(Method.java:580)
	at java.base/java.util.ArrayList.forEach(ArrayList.java:1596)
	at java.base/java.util.ArrayList.forEach(ArrayList.java:1596)
]]></error>
  </testcase>
  <testcase name="" classname="web.service.RegistrationServiceFunctionalTest" time="34.092">
    <error message="invalid session id&#10;Build info: version: &apos;4.41.0&apos;, revision: &apos;9fc754f&apos;&#10;System info: os.name: &apos;Windows 11&apos;, os.arch: &apos;amd64&apos;, os.version: &apos;10.0&apos;, java.version: &apos;21.0.10&apos;&#10;Driver info: org.openqa.selenium.chrome.ChromeDriver&#10;Command: [93bef4d10131152893fdd67151efb83e, close {}]&#10;Capabilities {acceptInsecureCerts: false, browserName: chrome, browserVersion: 148.0.7778.168, chrome: {chromedriverVersion: 148.0.7778.167 (65db666ac2c..., userDataDir: C:\msys64\tmp\scoped_dir408...}, fedcm:accounts: true, goog:chromeOptions: {debuggerAddress: localhost:59689}, goog:processID: 9804, networkConnectionEnabled: false, pageLoadStrategy: normal, platformName: windows, proxy: Proxy(), se:cdp: ws://localhost:59689/devtoo..., se:cdpVersion: 148.0.7778.168, setWindowRect: true, strictFileInteractability: false, timeouts: {implicit: 0, pageLoad: 300000, script: 30000}, unhandledPromptBehavior: dismiss and notify, webauthn:extension:credBlob: true, webauthn:extension:largeBlob: true, webauthn:extension:minPinLength: true, webauthn:extension:prf: true, webauthn:virtualAuthenticators: true}&#10;Session ID: 93bef4d10131152893fdd67151efb83e" type="org.openqa.selenium.NoSuchSessionException"><![CDATA[org.openqa.selenium.NoSuchSessionException: 
invalid session id
Build info: version: '4.41.0', revision: '9fc754f'
System info: os.name: 'Windows 11', os.arch: 'amd64', os.version: '10.0', java.version: '21.0.10'
Driver info: org.openqa.selenium.chrome.ChromeDriver
Command: [93bef4d10131152893fdd67151efb83e, close {}]
Capabilities {acceptInsecureCerts: false, browserName: chrome, browserVersion: 148.0.7778.168, chrome: {chromedriverVersion: 148.0.7778.167 (65db666ac2c..., userDataDir: C:\msys64\tmp\scoped_dir408...}, fedcm:accounts: true, goog:chromeOptions: {debuggerAddress: localhost:59689}, goog:processID: 9804, networkConnectionEnabled: false, pageLoadStrategy: normal, platformName: windows, proxy: Proxy(), se:cdp: ws://localhost:59689/devtoo..., se:cdpVersion: 148.0.7778.168, setWindowRect: true, strictFileInteractability: false, timeouts: {implicit: 0, pageLoad: 300000, script: 30000}, unhandledPromptBehavior: dismiss and notify, webauthn:extension:credBlob: true, webauthn:extension:largeBlob: true, webauthn:extension:minPinLength: true, webauthn:extension:prf: true, webauthn:virtualAuthenticators: true}
Session ID: 93bef4d10131152893fdd67151efb83e
	at org.openqa.selenium.remote.ErrorCodec.decode(ErrorCodec.java:169)
	at org.openqa.selenium.remote.codec.w3c.W3CHttpResponseCodec.decode(W3CHttpResponseCodec.java:142)
	at org.openqa.selenium.remote.codec.w3c.W3CHttpResponseCodec.decode(W3CHttpResponseCodec.java:49)
	at org.openqa.selenium.remote.HttpCommandExecutor.execute(HttpCommandExecutor.java:223)
	at org.openqa.selenium.remote.service.DriverCommandExecutor.invokeExecute(DriverCommandExecutor.java:216)
	at org.openqa.selenium.remote.service.DriverCommandExecutor.execute(DriverCommandExecutor.java:174)
	at org.openqa.selenium.remote.RemoteWebDriver.execute(RemoteWebDriver.java:604)
	at org.openqa.selenium.remote.RemoteWebDriver.execute(RemoteWebDriver.java:686)
	at org.openqa.selenium.remote.RemoteWebDriver.execute(RemoteWebDriver.java:690)
	at org.openqa.selenium.remote.RemoteWebDriver.close(RemoteWebDriver.java:477)
	at web.service.RegistrationServiceFunctionalTest.cleanup(RegistrationServiceFunctionalTest.java:44)
	at java.base/java.lang.reflect.Method.invoke(Method.java:580)
	at java.base/java.util.ArrayList.forEach(ArrayList.java:1596)
	at java.base/java.util.Collections$UnmodifiableCollection.forEach(Collections.java:1116)
	at java.base/java.util.ArrayList.forEach(ArrayList.java:1596)
]]></error>
  </testcase>
</testsuite>