<?xml version="1.0" encoding="UTF-8"?>
<testsuite xmlns:xsi="http://www.w3.org/2001/XMLSchema-instance" xsi:noNamespaceSchemaLocation="https://maven.apache.org/surefire/maven-surefire-plugin/xsd/surefire-test-report.xsd" version="3.0.2" name="web.service.LoginServiceUnitTest" time="0.069" tests="7" errors="0" skipped="0" failures="0" flakes="0">
  <properties>
[...]
</properties>
  <testcase name="testDontCareValuesLoginFailure" classname="web.service.LoginServiceUnitTest" time="0.034"/>
  <testcase name="testLoginSuccess" classname="web.service.LoginServiceUnitTest" time="0.0"/>
  <testcase name="testNullDobLoginFailure" classname="web.service.LoginServiceUnitTest" time="0.0"/>
  <testcase name="testInvalidDobFormatLoginFailure" classname="web.service.LoginServiceUnitTest" time="0.0"/>
  <testcase name="testInvalidDobRangeLoginFailure" classname="web.service.LoginServiceUnitTest" time="0.014"/>
  <testcase name="testNullUsernameLoginFailure" classname="web.service.LoginServiceUnitTest" time="0.0"/>
  <testcase name="testNullPasswordLoginFailure" classname="web.service.LoginServiceUnitTest" time="0.0"/>
</testsuite>